2020-07-15 15:08:46 INFO  BaseClass:29 - Test Case Started: verifyHomePage
2020-07-15 15:08:51 INFO  BaseClass:36 - Test Case Passed: verifyHomePage
2020-07-15 15:09:19 INFO  BaseClass:29 - Test Case Started: verifyLogin
2020-07-15 15:10:01 ERROR FunctionsClass:409 - org.openqa.selenium.NoSuchElementException: no such element: Unable to locate element: {"method":"xpath","selector":"(//a[@href='./logout'])[1]"}
  (Session info: chrome=83.0.4103.116)
For documentation on this error, please visit: https://www.seleniumhq.org/exceptions/no_such_element.html
Build info: version: '3.141.59', revision: 'e82be7d358', time: '2018-11-14T08:17:03'
System info: host: 'PRE3147530', ip: '192.168.1.7', os.name: 'Windows 10', os.arch: 'amd64', os.version: '10.0', java.version: '1.8.0_161'
Driver info: org.openqa.selenium.chrome.ChromeDriver
Capabilities {acceptInsecureCerts: false, browserName: chrome, browserVersion: 83.0.4103.116, chrome: {chromedriverVersion: 83.0.4103.39 (ccbf011cb2d2b..., userDataDir: C:\Windows\TEMP\scoped_dir3...}, goog:chromeOptions: {debuggerAddress: localhost:50592}, javascriptEnabled: true, networkConnectionEnabled: false, pageLoadStrategy: normal, platform: WINDOWS, platformName: WINDOWS, proxy: Proxy(), setWindowRect: true, strictFileInteractability: false, timeouts: {implicit: 0, pageLoad: 300000, script: 30000}, unhandledPromptBehavior: dismiss and notify, webauthn:virtualAuthenticators: true}
Session ID: 8d0975552d29a9a586d5c9c282aa4c21
*** Element info: {Using=xpath, value=(//a[@href='./logout'])[1]}
2020-07-15 15:10:01 INFO  BaseClass:36 - Test Case Passed: verifyLogin
2020-07-15 15:53:37 INFO  BaseClass:29 - Test Case Started: verifyHomePage
2020-07-15 15:53:38 INFO  BaseClass:36 - Test Case Passed: verifyHomePage
2020-07-15 15:53:49 INFO  BaseClass:29 - Test Case Started: verifyLogin
2020-07-15 15:53:52 INFO  BaseClass:36 - Test Case Passed: verifyLogin
2020-07-15 16:07:12 INFO  BaseClass:29 - Test Case Started: verifyHomePage
2020-07-15 16:07:29 ERROR FunctionsClass:104 - org.openqa.selenium.WebDriverException: chrome not reachable
  (Session info: chrome=83.0.4103.116)
Build info: version: '3.141.59', revision: 'e82be7d358', time: '2018-11-14T08:17:03'
System info: host: 'PRE3147530', ip: '192.168.1.7', os.name: 'Windows 10', os.arch: 'amd64', os.version: '10.0', java.version: '1.8.0_161'
Driver info: org.openqa.selenium.chrome.ChromeDriver
Capabilities {acceptInsecureCerts: false, browserName: chrome, browserVersion: 83.0.4103.116, chrome: {chromedriverVersion: 83.0.4103.39 (ccbf011cb2d2b..., userDataDir: C:\Users\PRERIT~1\AppData\L...}, goog:chromeOptions: {debuggerAddress: localhost:62429}, javascriptEnabled: true, networkConnectionEnabled: false, pageLoadStrategy: normal, platform: WINDOWS, platformName: WINDOWS, proxy: Proxy(), setWindowRect: true, strictFileInteractability: false, timeouts: {implicit: 0, pageLoad: 300000, script: 30000}, unhandledPromptBehavior: dismiss and notify, webauthn:virtualAuthenticators: true}
Session ID: 33e114dbb777954804c15c8d30ac4fc3
*** Element info: {Using=xpath, value=//h3}
2020-07-15 16:07:52 ERROR BaseClass:45 - org.openqa.selenium.WebDriverException: chrome not reachable
  (Session info: chrome=83.0.4103.116)
Build info: version: '3.141.59', revision: 'e82be7d358', time: '2018-11-14T08:17:03'
System info: host: 'PRE3147530', ip: '192.168.1.7', os.name: 'Windows 10', os.arch: 'amd64', os.version: '10.0', java.version: '1.8.0_161'
Driver info: org.openqa.selenium.chrome.ChromeDriver
Capabilities {acceptInsecureCerts: false, browserName: chrome, browserVersion: 83.0.4103.116, chrome: {chromedriverVersion: 83.0.4103.39 (ccbf011cb2d2b..., userDataDir: C:\Users\PRERIT~1\AppData\L...}, goog:chromeOptions: {debuggerAddress: localhost:62486}, javascriptEnabled: true, networkConnectionEnabled: false, pageLoadStrategy: normal, platform: WINDOWS, platformName: WINDOWS, proxy: Proxy(), setWindowRect: true, strictFileInteractability: false, timeouts: {implicit: 0, pageLoad: 300000, script: 30000}, unhandledPromptBehavior: dismiss and notify, webauthn:virtualAuthenticators: true}
Session ID: 3b69761fa82d224163f65d49f0a43549
2020-07-15 16:07:52 INFO  BaseClass:29 - Test Case Started: verifyHomePage
2020-07-15 16:08:04 ERROR FunctionsClass:104 - org.openqa.selenium.WebDriverException: chrome not reachable
  (Session info: chrome=83.0.4103.116)
Build info: version: '3.141.59', revision: 'e82be7d358', time: '2018-11-14T08:17:03'
System info: host: 'PRE3147530', ip: '192.168.1.7', os.name: 'Windows 10', os.arch: 'amd64', os.version: '10.0', java.version: '1.8.0_161'
Driver info: org.openqa.selenium.chrome.ChromeDriver
Capabilities {acceptInsecureCerts: false, browserName: chrome, browserVersion: 83.0.4103.116, chrome: {chromedriverVersion: 83.0.4103.39 (ccbf011cb2d2b..., userDataDir: C:\Users\PRERIT~1\AppData\L...}, goog:chromeOptions: {debuggerAddress: localhost:62486}, javascriptEnabled: true, networkConnectionEnabled: false, pageLoadStrategy: normal, platform: WINDOWS, platformName: WINDOWS, proxy: Proxy(), setWindowRect: true, strictFileInteractability: false, timeouts: {implicit: 0, pageLoad: 300000, script: 30000}, unhandledPromptBehavior: dismiss and notify, webauthn:virtualAuthenticators: true}
Session ID: 3b69761fa82d224163f65d49f0a43549
*** Element info: {Using=xpath, value=//h3}
2020-07-15 16:09:15 INFO  BaseClass:29 - Test Case Started: verifyHomePage
2020-07-15 16:09:15 INFO  BaseClass:36 - Test Case Passed: verifyHomePage
2020-07-15 16:09:40 INFO  BaseClass:29 - Test Case Started: verifyLogin
2020-07-15 16:09:43 INFO  BaseClass:36 - Test Case Passed: verifyLogin
2020-07-16 10:31:26 ERROR BaseClass:45 - org.openqa.selenium.WebDriverException: unknown error: cannot determine loading status
from disconnected: received Inspector.detached event
  (Session info: chrome=83.0.4103.116)
Build info: version: '3.141.59', revision: 'e82be7d358', time: '2018-11-14T08:17:03'
System info: host: 'PRE3147530', ip: '172.20.10.13', os.name: 'Windows 10', os.arch: 'amd64', os.version: '10.0', java.version: '1.8.0_161'
Driver info: org.openqa.selenium.chrome.ChromeDriver
Capabilities {acceptInsecureCerts: false, browserName: chrome, browserVersion: 83.0.4103.116, chrome: {chromedriverVersion: 83.0.4103.39 (ccbf011cb2d2b..., userDataDir: C:\Users\PRERIT~1\AppData\L...}, goog:chromeOptions: {debuggerAddress: localhost:58082}, javascriptEnabled: true, networkConnectionEnabled: false, pageLoadStrategy: normal, platform: WINDOWS, platformName: WINDOWS, proxy: Proxy(), setWindowRect: true, strictFileInteractability: false, timeouts: {implicit: 0, pageLoad: 300000, script: 30000}, unhandledPromptBehavior: dismiss and notify, webauthn:virtualAuthenticators: true}
Session ID: b92a5c8abcbe3e7b1f33db6672ea7925
2020-07-16 10:32:09 INFO  BaseClass:27 - Test Case Started: verifyHomePage
2020-07-16 10:32:09 INFO  BaseClass:34 - Test Case Passed: verifyHomePage
2020-07-16 10:32:21 INFO  BaseClass:27 - Test Case Started: verifyLogin
2020-07-16 10:32:24 INFO  BaseClass:34 - Test Case Passed: verifyLogin
2020-07-16 10:40:49 INFO  BaseClass:27 - Test Case Started: verifyHomePage
2020-07-16 10:40:49 INFO  BaseClass:34 - Test Case Passed: verifyHomePage
2020-07-16 10:41:01 INFO  BaseClass:27 - Test Case Started: verifyLogin
2020-07-16 10:41:04 INFO  BaseClass:34 - Test Case Passed: verifyLogin
